2026-03-23 00:01:30,707 - INFO - Mini Bank started with currency: ETB
2026-03-23 00:02:34,347 - INFO - Mini Bank started with currency: ETB
2026-03-23 00:02:34,347 - INFO - Mini Bank module initialized
2026-03-23 21:54:25,535 - INFO - Mini Bank started with currency: ETB
2026-03-23 21:56:02,089 - INFO - Mini Bank started with currency: ETB
2026-03-23 21:56:20,166 - INFO - Mini Bank started with currency: ETB
2026-03-23 21:58:16,344 - INFO - Mini Bank started with currency: ETB
2026-03-23 22:31:08,829 - INFO - Mini Bank started with currency: ETB
2026-03-23 22:33:39,479 - INFO - Mini Bank started with currency: ETB
2026-03-23 22:33:47,666 - INFO - Mini Bank started with currency: ETB
2026-03-23 22:33:51,008 - INFO - Mini Bank started with currency: ETB
2026-03-23 22:34:25,375 - INFO - Mini Bank started with currency: ETB
2026-03-23 22:35:47,170 - INFO - Mini Bank started with currency: ETB
2026-03-23 22:35:49,855 - INFO - Mini Bank started with currency: ETB
2026-03-23 22:38:19,166 - INFO - Mini Bank started with currency: ETB
2026-03-23 22:39:34,032 - INFO - Mini Bank started with currency: ETB
2026-03-23 22:39:50,805 - INFO - Account created successfully: 10000 for abebe
2026-03-23 22:40:23,933 - ERROR - Deposit failed: Account 10000 not found
2026-03-24 19:16:38,879 - INFO - Mini Bank started with currency: ETB
2026-03-24 19:17:06,784 - INFO - Mini Bank started with currency: ETB
2026-03-24 19:28:41,510 - INFO - Mini Bank started with currency: ETB
2026-03-24 19:30:46,998 - INFO - Mini Bank started with currency: ETB
2026-03-24 19:32:03,604 - INFO - Account created successfully: 10001 for kebede alemu
2026-03-24 19:32:35,351 - ERROR - Deposit failed: Account 10001 not found
2026-03-24 19:41:25,623 - ERROR - Deposit failed: Account 10000 not found
2026-03-24 19:46:46,969 - INFO - Account created successfully: 10002 for kasa hailu
2026-03-24 19:48:10,664 - ERROR - Deposit failed: Account 10002 not found
2026-03-24 19:49:27,734 - ERROR - Balance check failed: Account 10000 not found
2026-03-24 19:53:16,693 - INFO - Mini Bank started with currency: ETB
2026-03-24 19:53:27,253 - INFO - Mini Bank started with currency: ETB
2026-03-24 19:53:38,712 - INFO - Balance check successful: Account 10000 has balance 20000.0
2026-03-24 19:53:59,793 - INFO - Deposit successful: 30000.0 deposited to account 10000. New balance: 50000.0
2026-03-24 19:54:18,809 - INFO - Withdrawal successful: 2000.0 withdrawn from account 10001. New balance: 28000.0
2026-03-24 19:54:46,544 - ERROR - Transfer failed: Source account 10000 not found
2026-03-24 19:55:12,168 - INFO - Interest calculated successfully for account 10000: 2500.0
2026-03-24 19:55:59,648 - INFO - Mini Bank started with currency: ETB
2026-03-24 19:56:04,819 - INFO - Mini Bank started with currency: ETB
2026-03-24 19:56:25,369 - INFO - Transfer successful: 10000.0 transferred from account 10000 to account 10001
2026-03-24 19:56:51,568 - ERROR - Account deletion failed: Account 10003 not found
2026-03-24 19:57:08,616 - ERROR - Account deletion failed: Account 10002 has non-zero balance 50000.0
2026-03-24 19:57:57,752 - ERROR - Transaction history retrieval failed: Account 10000 not found
2026-03-24 20:00:01,073 - INFO - Mini Bank started with currency: ETB
